<?xml version="1.0" encoding="UTF-8"?>
<testsuite xmlns:xsi="http://www.w3.org/2001/XMLSchema-instance" xsi:noNamespaceSchemaLocation="https://maven.apache.org/surefire/maven-surefire-plugin/xsd/surefire-test-report-3.0.xsd" version="3.0" name="pl.pandait.panda.FunctionalTests" time="53.709" tests="4" errors="0" skipped="0" failures="0">
  <properties>
[...]
</properties>
  <testcase name="testDeleteMessage" classname="pl.pandait.panda.FunctionalTests" time="14.334">
    <system-err><![CDATA[1731688175306	geckodriver	INFO	Listening on 127.0.0.1:28398
1731688175429	mozrunner::runner	INFO	Running command: "C:\\Program Files\\Firefox Developer Edition\\firefox.exe" "--marionette" "-no-remote" "-profile" "C:\\Users\\ANDRES\\AppData\\Local\\Temp\\rust_mozprofilejwITed"
console.warn: services.settings: Ignoring preference override of remote settings server
console.warn: services.settings: Allow by setting MOZ_REMOTE_SETTINGS_DEVTOOLS=1 in the environment
1731688175938	Marionette	INFO	Marionette enabled
Dynamically enable window occlusion 0
1731688176409	Marionette	INFO	Listening on port 53598
Read port: 53598
1731688176489	RemoteAgent	WARN	TLS certificate errors will be ignored for this session
nov 15, 2024 11:29:37 A. M. org.openqa.selenium.remote.ProtocolHandshake createSession
INFO: Detected dialect: W3C
1731688183704	Marionette	INFO	Stopped listening on port 53598
Dynamically enable window occlusion 1
]]></system-err>
  </testcase>
  <testcase name="testCreateMessage" classname="pl.pandait.panda.FunctionalTests" time="12.847">
    <system-err><![CDATA[1731688189410	geckodriver	INFO	Listening on 127.0.0.1:43952
1731688189420	mozrunner::runner	INFO	Running command: "C:\\Program Files\\Firefox Developer Edition\\firefox.exe" "--marionette" "-no-remote" "-profile" "C:\\Users\\ANDRES\\AppData\\Local\\Temp\\rust_mozprofileMX8AzU"
console.warn: services.settings: Ignoring preference override of remote settings server
console.warn: services.settings: Allow by setting MOZ_REMOTE_SETTINGS_DEVTOOLS=1 in the environment
1731688189678	Marionette	INFO	Marionette enabled
Dynamically enable window occlusion 0
1731688189961	Marionette	INFO	Listening on port 53737
Read port: 53737
1731688190080	RemoteAgent	WARN	TLS certificate errors will be ignored for this session
nov 15, 2024 11:29:51 A. M. org.openqa.selenium.remote.ProtocolHandshake createSession
INFO: Detected dialect: W3C
1731688196557	Marionette	INFO	Stopped listening on port 53737
Dynamically enable window occlusion 1
]]></system-err>
  </testcase>
  <testcase name="testGetMessage" classname="pl.pandait.panda.FunctionalTests" time="13.202">
    <system-err><![CDATA[1731688202252	geckodriver	INFO	Listening on 127.0.0.1:15673
1731688202272	mozrunner::runner	INFO	Running command: "C:\\Program Files\\Firefox Developer Edition\\firefox.exe" "--marionette" "-no-remote" "-profile" "C:\\Users\\ANDRES\\AppData\\Local\\Temp\\rust_mozprofileLPfBWs"
console.warn: services.settings: Ignoring preference override of remote settings server
console.warn: services.settings: Allow by setting MOZ_REMOTE_SETTINGS_DEVTOOLS=1 in the environment
1731688202530	Marionette	INFO	Marionette enabled
Dynamically enable window occlusion 0
1731688202805	Marionette	INFO	Listening on port 53774
Read port: 53774
1731688202930	RemoteAgent	WARN	TLS certificate errors will be ignored for this session
nov 15, 2024 11:30:03 A. M. org.openqa.selenium.remote.ProtocolHandshake createSession
INFO: Detected dialect: W3C
1731688209760	Marionette	INFO	Stopped listening on port 53774
Dynamically enable window occlusion 1
]]></system-err>
  </testcase>
  <testcase name="testUpdateMessage" classname="pl.pandait.panda.FunctionalTests" time="13.315">
    <system-err><![CDATA[1731688215455	geckodriver	INFO	Listening on 127.0.0.1:13540
1731688215474	mozrunner::runner	INFO	Running command: "C:\\Program Files\\Firefox Developer Edition\\firefox.exe" "--marionette" "-no-remote" "-profile" "C:\\Users\\ANDRES\\AppData\\Local\\Temp\\rust_mozprofileqPsHsD"
console.warn: services.settings: Ignoring preference override of remote settings server
console.warn: services.settings: Allow by setting MOZ_REMOTE_SETTINGS_DEVTOOLS=1 in the environment
1731688215739	Marionette	INFO	Marionette enabled
Dynamically enable window occlusion 0
1731688216021	Marionette	INFO	Listening on port 53909
Read port: 53909
1731688216147	RemoteAgent	WARN	TLS certificate errors will be ignored for this session
nov 15, 2024 11:30:17 A. M. org.openqa.selenium.remote.ProtocolHandshake createSession
INFO: Detected dialect: W3C
1731688223058	Marionette	INFO	Stopped listening on port 53909
Dynamically enable window occlusion 1
]]></system-err>
  </testcase>
</testsuite>